<?xml version="1.0" encoding="UTF-8"?>
<!-- Generated by org.testng.reporters.JUnitReportReporter -->
<testsuite hostname="vikkys-pc1203" failures="0" tests="1" name="UiRegressionTests.WebTests.DoctorDashboradTests.SalutaDoctorDashboardTests.CreateClinicTest" time="77.422" errors="0" timestamp="2024-03-13T11:57:01 IST" skipped="0">
  <testcase classname="UiRegressionTests.WebTests.DoctorDashboradTests.SalutaDoctorDashboardTests.CreateClinicTest" name="shouldVerifyThatTheAdminCanCreateClinicsSuccessfully" time="77.422"/>
  <system-out/>
</testsuite> <!-- UiRegressionTests.WebTests.DoctorDashboradTests.SalutaDoctorDashboardTests.CreateClinicTest -->
