<?xml version="1.0" encoding="UTF-8"?>
<!-- Generated by org.testng.reporters.JUnitReportReporter -->
<testsuite hostname="vikkys-pc1203" failures="0" tests="1" name="UiRegressionTests.WebTests.DoctorDashboradTests.SalutaDoctorDashboardTests.SendAppInvitationToPatient" time="56.267" errors="0" timestamp="2024-03-13T15:27:07 IST" skipped="0">
  <testcase classname="UiRegressionTests.WebTests.DoctorDashboradTests.SalutaDoctorDashboardTests.SendAppInvitationToPatient" name="shouldVerifyThatDoctorNotSendAppInvitationToPatientWhichPatientAppActivated" time="56.267"/>
  <system-out/>
</testsuite> <!-- UiRegressionTests.WebTests.DoctorDashboradTests.SalutaDoctorDashboardTests.SendAppInvitationToPatient -->
